# JRE version: Java(TM) SE Runtime Environment (8.0_65-b17) (build 1.8.0_65-b17)
# Java VM: Java HotSpot(TM) 64-Bit Server VM (25.65-b01 mixed mode windows-amd64 compressed oops)
Heap:
 PSYoungGen      total 190464K, used 187746K [0x00000000eb580000, 0x00000000f7d80000, 0x0000000100000000)
  eden space 179200K, 100% used [0x00000000eb580000,0x00000000f6480000,0x00000000f6480000)
  from space 11264K, 75% used [0x00000000f7280000,0x00000000f7ad8a38,0x00000000f7d80000)
  to   space 12800K, 99% used [0x00000000f6480000,0x00000000f70fac48,0x00000000f7100000)
 ParOldGen       total 49664K, used 27990K [0x00000000c2000000, 0x00000000c5080000, 0x00000000eb580000)
  object space 49664K, 56% used [0x00000000c2000000,0x00000000c3b55a48,0x00000000c5080000)
 Metaspace       used 56010K, capacity 56494K, committed 56960K, reserved 1099776K
  class space    used 6838K, capacity 6977K, committed 7040K, reserved 1048576K
GC Heap History (10 events):
Event: 27.416 GC heap after
Heap after GC invocations=10 (full 1):
 PSYoungGen      total 108032K, used 7670K [0x00000000eb580000, 0x00000000f4780000, 0x0000000100000000)
  eden space 100352K, 0% used [0x00000000eb580000,0x00000000eb580000,0x00000000f1780000)
  from space 7680K, 99% used [0x00000000f1780000,0x00000000f1efd9a8,0x00000000f1f00000)
  to   space 10240K, 0% used [0x00000000f3d80000,0x00000000f3d80000,0x00000000f4780000)
 ParOldGen       total 39424K, used 15966K [0x00000000c2000000, 0x00000000c4680000, 0x00000000eb580000)
  object space 39424K, 40% used [0x00000000c2000000,0x00000000c2f978b0,0x00000000c4680000)
 Metaspace       used 33896K, capacity 34202K, committed 34432K, reserved 1079296K
  class space    used 4380K, capacity 4470K, committed 4480K, reserved 1048576K
}
Event: 27.832 GC heap before
{Heap before GC invocations=11 (full 1):
 PSYoungGen      total 108032K, used 17208K [0x00000000eb580000, 0x00000000f4780000, 0x0000000100000000)
  eden space 100352K, 9% used [0x00000000eb580000,0x00000000ebed0670,0x00000000f1780000)
  from space 7680K, 99% used [0x00000000f1780000,0x00000000f1efd9a8,0x00000000f1f00000)
  to   space 10240K, 0% used [0x00000000f3d80000,0x00000000f3d80000,0x00000000f4780000)
 ParOldGen       total 39424K, used 15966K [0x00000000c2000000, 0x00000000c4680000, 0x00000000eb580000)
  object space 39424K, 40% used [0x00000000c2000000,0x00000000c2f978b0,0x00000000c4680000)
 Metaspace       used 34961K, capacity 35258K, committed 35456K, reserved 1079296K
  class space    used 4517K, capacity 4630K, committed 4736K, reserved 1048576K
Event: 27.865 GC heap after
Heap after GC invocations=11 (full 1):
 PSYoungGen      total 139264K, used 3496K [0x00000000eb580000, 0x00000000f5300000, 0x0000000100000000)
  eden space 129024K, 0% used [0x00000000eb580000,0x00000000eb580000,0x00000000f3380000)
  from space 10240K, 34% used [0x00000000f3d80000,0x00000000f40ea230,0x00000000f4780000)
  to   space 10240K, 0% used [0x00000000f3380000,0x00000000f3380000,0x00000000f3d80000)
 ParOldGen       total 39424K, used 18485K [0x00000000c2000000, 0x00000000c4680000, 0x00000000eb580000)
  object space 39424K, 46% used [0x00000000c2000000,0x00000000c320d408,0x00000000c4680000)
 Metaspace       used 34961K, capacity 35258K, committed 35456K, reserved 1079296K
  class space    used 4517K, capacity 4630K, committed 4736K, reserved 1048576K
}
Event: 27.865 GC heap before
{Heap before GC invocations=12 (full 2):
 PSYoungGen      total 139264K, used 3496K [0x00000000eb580000, 0x00000000f5300000, 0x0000000100000000)
  eden space 129024K, 0% used [0x00000000eb580000,0x00000000eb580000,0x00000000f3380000)
  from space 10240K, 34% used [0x00000000f3d80000,0x00000000f40ea230,0x00000000f4780000)
  to   space 10240K, 0% used [0x00000000f3380000,0x00000000f3380000,0x00000000f3d80000)
 ParOldGen       total 39424K, used 18485K [0x00000000c2000000, 0x00000000c4680000, 0x00000000eb580000)
  object space 39424K, 46% used [0x00000000c2000000,0x00000000c320d408,0x00000000c4680000)
 Metaspace       used 34961K, capacity 35258K, committed 35456K, reserved 1079296K
  class space    used 4517K, capacity 4630K, committed 4736K, reserved 1048576K
Event: 28.048 GC heap after
Heap after GC invocations=12 (full 2):
 PSYoungGen      total 139264K, used 0K [0x00000000eb580000, 0x00000000f5300000, 0x0000000100000000)
  eden space 129024K, 0% used [0x00000000eb580000,0x00000000eb580000,0x00000000f3380000)
  from space 10240K, 0% used [0x00000000f3d80000,0x00000000f3d80000,0x00000000f4780000)
  to   space 10240K, 0% used [0x00000000f3380000,0x00000000f3380000,0x00000000f3d80000)
 ParOldGen       total 49664K, used 14942K [0x00000000c2000000, 0x00000000c5080000, 0x00000000eb580000)
  object space 49664K, 30% used [0x00000000c2000000,0x00000000c2e97b68,0x00000000c5080000)
 Metaspace       used 34961K, capacity 35258K, committed 35456K, reserved 1079296K
  class space    used 4517K, capacity 4630K, committed 4736K, reserved 1048576K
}
Event: 32.188 GC heap before
{Heap before GC invocations=13 (full 2):
 PSYoungGen      total 139264K, used 129024K [0x00000000eb580000, 0x00000000f5300000, 0x0000000100000000)
  eden space 129024K, 100% used [0x00000000eb580000,0x00000000f3380000,0x00000000f3380000)
  from space 10240K, 0% used [0x00000000f3d80000,0x00000000f3d80000,0x00000000f4780000)
  to   space 10240K, 0% used [0x00000000f3380000,0x00000000f3380000,0x00000000f3d80000)
 ParOldGen       total 49664K, used 14942K [0x00000000c2000000, 0x00000000c5080000, 0x00000000eb580000)
  object space 49664K, 30% used [0x00000000c2000000,0x00000000c2e97b68,0x00000000c5080000)
 Metaspace       used 39644K, capacity 39996K, committed 40320K, reserved 1085440K
  class space    used 5106K, capacity 5217K, committed 5248K, reserved 1048576K
Event: 32.263 GC heap after
Heap after GC invocations=13 (full 2):
 PSYoungGen      total 139264K, used 10209K [0x00000000eb580000, 0x00000000f7f00000, 0x0000000100000000)
  eden space 129024K, 0% used [0x00000000eb580000,0x00000000eb580000,0x00000000f3380000)
  from space 10240K, 99% used [0x00000000f3380000,0x00000000f3d78750,0x00000000f3d80000)
  to   space 12800K, 0% used [0x00000000f7280000,0x00000000f7280000,0x00000000f7f00000)
 ParOldGen       total 49664K, used 17654K [0x00000000c2000000, 0x00000000c5080000, 0x00000000eb580000)
  object space 49664K, 35% used [0x00000000c2000000,0x00000000c313d8a8,0x00000000c5080000)
 Metaspace       used 39644K, capacity 39996K, committed 40320K, reserved 1085440K
  class space    used 5106K, capacity 5217K, committed 5248K, reserved 1048576K
}
Event: 37.041 GC heap before
{Heap before GC invocations=14 (full 2):
 PSYoungGen      total 139264K, used 139233K [0x00000000eb580000, 0x00000000f7f00000, 0x0000000100000000)
  eden space 129024K, 100% used [0x00000000eb580000,0x00000000f3380000,0x00000000f3380000)
  from space 10240K, 99% used [0x00000000f3380000,0x00000000f3d78750,0x00000000f3d80000)
  to   space 12800K, 0% used [0x00000000f7280000,0x00000000f7280000,0x00000000f7f00000)
 ParOldGen       total 49664K, used 17654K [0x00000000c2000000, 0x00000000c5080000, 0x00000000eb580000)
  object space 49664K, 35% used [0x00000000c2000000,0x00000000c313d8a8,0x00000000c5080000)
 Metaspace       used 42813K, capacity 43182K, committed 43520K, reserved 1087488K
  class space    used 5495K, capacity 5620K, committed 5632K, reserved 1048576K
Event: 37.135 GC heap after
Heap after GC invocations=14 (full 2):
 PSYoungGen      total 190464K, used 8546K [0x00000000eb580000, 0x00000000f7d80000, 0x0000000100000000)
  eden space 179200K, 0% used [0x00000000eb580000,0x00000000eb580000,0x00000000f6480000)
  from space 11264K, 75% used [0x00000000f7280000,0x00000000f7ad8a38,0x00000000f7d80000)
  to   space 12800K, 0% used [0x00000000f6480000,0x00000000f6480000,0x00000000f7100000)
 ParOldGen       total 49664K, used 21263K [0x00000000c2000000, 0x00000000c5080000, 0x00000000eb580000)
  object space 49664K, 42% used [0x00000000c2000000,0x00000000c34c3f28,0x00000000c5080000)
 Metaspace       used 42813K, capacity 43182K, committed 43520K, reserved 1087488K
  class space    used 5495K, capacity 5620K, committed 5632K, reserved 1048576K
}
Event: 5809.555 GC heap before
{Heap before GC invocations=15 (full 2):
 PSYoungGen      total 190464K, used 187746K [0x00000000eb580000, 0x00000000f7d80000, 0x0000000100000000)
  eden space 179200K, 100% used [0x00000000eb580000,0x00000000f6480000,0x00000000f6480000)
  from space 11264K, 75% used [0x00000000f7280000,0x00000000f7ad8a38,0x00000000f7d80000)
  to   space 12800K, 0% used [0x00000000f6480000,0x00000000f6480000,0x00000000f7100000)
 ParOldGen       total 49664K, used 21263K [0x00000000c2000000, 0x00000000c5080000, 0x00000000eb580000)
  object space 49664K, 42% used [0x00000000c2000000,0x00000000c34c3f28,0x00000000c5080000)
 Metaspace       used 56010K, capacity 56494K, committed 56960K, reserved 1099776K
  class space    used 6838K, capacity 6977K, committed 7040K, reserved 1048576K

